Performing C SOURCE FILE Test CMAKE_HAVE_LIBC_PTHREAD failed with the following output:
Change Dir: /home/joaocarlosmrp/Documentos/FEUP_MIEIC/CAL/Aulas Praticas/cal_fp02_CLion/cmake-build-debug/CMakeFiles/CMakeTmp

Run Build Command(s):/usr/bin/make cmTC_f1f7d/fast && /usr/bin/make -f CMakeFiles/cmTC_f1f7d.dir/build.make CMakeFiles/cmTC_f1f7d.dir/build
make[1]: Entering directory '/home/joaocarlosmrp/Documentos/FEUP_MIEIC/CAL/Aulas Praticas/cal_fp02_CLion/cmake-build-debug/CMakeFiles/CMakeTmp'
Building C object CMakeFiles/cmTC_f1f7d.dir/src.c.o
/usr/bin/cc   -DCMAKE_HAVE_LIBC_PTHREAD   -o CMakeFiles/cmTC_f1f7d.dir/src.c.o   -c "/home/joaocarlosmrp/Documentos/FEUP_MIEIC/CAL/Aulas Praticas/cal_fp02_CLion/cmake-build-debug/CMakeFiles/CMakeTmp/src.c"
Linking C executable cmTC_f1f7d
/home/joaocarlosmrp/Transferências/CLion/clion-2019.3.4/bin/cmake/linux/bin/cmake -E cmake_link_script CMakeFiles/cmTC_f1f7d.dir/link.txt --verbose=1
/usr/bin/cc  -DCMAKE_HAVE_LIBC_PTHREAD    -rdynamic CMakeFiles/cmTC_f1f7d.dir/src.c.o  -o cmTC_f1f7d 
CMakeFiles/cmTC_f1f7d.dir/src.c.o: na função `main':
src.c:(.text+0x3e): referência indefinida a `pthread_create'
src.c:(.text+0x4a): referência indefinida a `pthread_detach'
src.c:(.text+0x5b): referência indefinida a `pthread_join'
src.c:(.text+0x6f): referência indefinida a `pthread_atfork'
collect2: error: ld returned 1 exit status
CMakeFiles/cmTC_f1f7d.dir/build.make:86: recipe for target 'cmTC_f1f7d' failed
make[1]: *** [cmTC_f1f7d] Error 1
make[1]: Leaving directory '/home/joaocarlosmrp/Documentos/FEUP_MIEIC/CAL/Aulas Praticas/cal_fp02_CLion/cmake-build-debug/CMakeFiles/CMakeTmp'
Makefile:121: recipe for target 'cmTC_f1f7d/fast' failed
make: *** [cmTC_f1f7d/fast] Error 2


Source file was:
#include <pthread.h>

void* test_func(void* data)
{
  return data;
}

int main(void)
{
  pthread_t thread;
  pthread_create(&thread, NULL, test_func, NULL);
  pthread_detach(thread);
  pthread_join(thread, NULL);
  pthread_atfork(NULL, NULL, NULL);
  pthread_exit(NULL);

  return 0;
}

Determining if the function pthread_create exists in the pthreads failed with the following output:
Change Dir: /home/joaocarlosmrp/Documentos/FEUP_MIEIC/CAL/Aulas Praticas/cal_fp02_CLion/cmake-build-debug/CMakeFiles/CMakeTmp

Run Build Command(s):/usr/bin/make cmTC_c2580/fast && /usr/bin/make -f CMakeFiles/cmTC_c2580.dir/build.make CMakeFiles/cmTC_c2580.dir/build
make[1]: Entering directory '/home/joaocarlosmrp/Documentos/FEUP_MIEIC/CAL/Aulas Praticas/cal_fp02_CLion/cmake-build-debug/CMakeFiles/CMakeTmp'
Building C object CMakeFiles/cmTC_c2580.dir/CheckFunctionExists.c.o
/usr/bin/cc   -DCHECK_FUNCTION_EXISTS=pthread_create   -o CMakeFiles/cmTC_c2580.dir/CheckFunctionExists.c.o   -c /home/joaocarlosmrp/Transferências/CLion/clion-2019.3.4/bin/cmake/linux/share/cmake-3.15/Modules/CheckFunctionExists.c
Linking C executable cmTC_c2580
/home/joaocarlosmrp/Transferências/CLion/clion-2019.3.4/bin/cmake/linux/bin/cmake -E cmake_link_script CMakeFiles/cmTC_c2580.dir/link.txt --verbose=1
/usr/bin/cc  -DCHECK_FUNCTION_EXISTS=pthread_create    -rdynamic CMakeFiles/cmTC_c2580.dir/CheckFunctionExists.c.o  -o cmTC_c2580 -lpthreads 
/usr/bin/ld: não foi possível localizar -lpthreads
collect2: error: ld returned 1 exit status
CMakeFiles/cmTC_c2580.dir/build.make:86: recipe for target 'cmTC_c2580' failed
make[1]: *** [cmTC_c2580] Error 1
make[1]: Leaving directory '/home/joaocarlosmrp/Documentos/FEUP_MIEIC/CAL/Aulas Praticas/cal_fp02_CLion/cmake-build-debug/CMakeFiles/CMakeTmp'
Makefile:121: recipe for target 'cmTC_c2580/fast' failed
make: *** [cmTC_c2580/fast] Error 2



