Performing C SOURCE FILE Test CMAKE_HAVE_LIBC_PTHREAD failed with the following output:
Change Dir: /home/joaocarlosmrp/Documentos/FEUP_MIEIC/CAL/Aulas Praticas/cal_fp04_CLion/cmake-build-debug/CMakeFiles/CMakeTmp

Run Build Command(s):/usr/bin/make cmTC_62b24/fast && /usr/bin/make -f CMakeFiles/cmTC_62b24.dir/build.make CMakeFiles/cmTC_62b24.dir/build
make[1]: Entering directory '/home/joaocarlosmrp/Documentos/FEUP_MIEIC/CAL/Aulas Praticas/cal_fp04_CLion/cmake-build-debug/CMakeFiles/CMakeTmp'
Building C object CMakeFiles/cmTC_62b24.dir/src.c.o
/usr/bin/cc   -DCMAKE_HAVE_LIBC_PTHREAD   -o CMakeFiles/cmTC_62b24.dir/src.c.o   -c "/home/joaocarlosmrp/Documentos/FEUP_MIEIC/CAL/Aulas Praticas/cal_fp04_CLion/cmake-build-debug/CMakeFiles/CMakeTmp/src.c"
Linking C executable cmTC_62b24
/home/joaocarlosmrp/Transferências/CLion/clion-2019.3.4/bin/cmake/linux/bin/cmake -E cmake_link_script CMakeFiles/cmTC_62b24.dir/link.txt --verbose=1
/usr/bin/cc  -DCMAKE_HAVE_LIBC_PTHREAD    -rdynamic CMakeFiles/cmTC_62b24.dir/src.c.o  -o cmTC_62b24 
CMakeFiles/cmTC_62b24.dir/src.c.o: na função `main':
src.c:(.text+0x3e): referência indefinida a `pthread_create'
src.c:(.text+0x4a): referência indefinida a `pthread_detach'
src.c:(.text+0x5b): referência indefinida a `pthread_join'
src.c:(.text+0x6f): referência indefinida a `pthread_atfork'
collect2: error: ld returned 1 exit status
CMakeFiles/cmTC_62b24.dir/build.make:86: recipe for target 'cmTC_62b24' failed
make[1]: *** [cmTC_62b24] Error 1
make[1]: Leaving directory '/home/joaocarlosmrp/Documentos/FEUP_MIEIC/CAL/Aulas Praticas/cal_fp04_CLion/cmake-build-debug/CMakeFiles/CMakeTmp'
Makefile:121: recipe for target 'cmTC_62b24/fast' failed
make: *** [cmTC_62b24/fast] Error 2


Source file was:
#include <pthread.h>

void* test_func(void* data)
{
  return data;
}

int main(void)
{
  pthread_t thread;
  pthread_create(&thread, NULL, test_func, NULL);
  pthread_detach(thread);
  pthread_join(thread, NULL);
  pthread_atfork(NULL, NULL, NULL);
  pthread_exit(NULL);

  return 0;
}

Determining if the function pthread_create exists in the pthreads failed with the following output:
Change Dir: /home/joaocarlosmrp/Documentos/FEUP_MIEIC/CAL/Aulas Praticas/cal_fp04_CLion/cmake-build-debug/CMakeFiles/CMakeTmp

Run Build Command(s):/usr/bin/make cmTC_82d02/fast && /usr/bin/make -f CMakeFiles/cmTC_82d02.dir/build.make CMakeFiles/cmTC_82d02.dir/build
make[1]: Entering directory '/home/joaocarlosmrp/Documentos/FEUP_MIEIC/CAL/Aulas Praticas/cal_fp04_CLion/cmake-build-debug/CMakeFiles/CMakeTmp'
Building C object CMakeFiles/cmTC_82d02.dir/CheckFunctionExists.c.o
/usr/bin/cc   -DCHECK_FUNCTION_EXISTS=pthread_create   -o CMakeFiles/cmTC_82d02.dir/CheckFunctionExists.c.o   -c /home/joaocarlosmrp/Transferências/CLion/clion-2019.3.4/bin/cmake/linux/share/cmake-3.15/Modules/CheckFunctionExists.c
Linking C executable cmTC_82d02
/home/joaocarlosmrp/Transferências/CLion/clion-2019.3.4/bin/cmake/linux/bin/cmake -E cmake_link_script CMakeFiles/cmTC_82d02.dir/link.txt --verbose=1
/usr/bin/cc  -DCHECK_FUNCTION_EXISTS=pthread_create    -rdynamic CMakeFiles/cmTC_82d02.dir/CheckFunctionExists.c.o  -o cmTC_82d02 -lpthreads 
/usr/bin/ld: não foi possível localizar -lpthreads
collect2: error: ld returned 1 exit status
CMakeFiles/cmTC_82d02.dir/build.make:86: recipe for target 'cmTC_82d02' failed
make[1]: *** [cmTC_82d02] Error 1
make[1]: Leaving directory '/home/joaocarlosmrp/Documentos/FEUP_MIEIC/CAL/Aulas Praticas/cal_fp04_CLion/cmake-build-debug/CMakeFiles/CMakeTmp'
Makefile:121: recipe for target 'cmTC_82d02/fast' failed
make: *** [cmTC_82d02/fast] Error 2



